[0m14:55:48.638973 [debug] [MainThread]: Sending event: {'category': 'dbt', 'action': 'invocation', 'label': 'start', 'context': [<snowplow_tracker.self_describing_json.SelfDescribingJson object at 0x7f76cc7548e0>, <snowplow_tracker.self_describing_json.SelfDescribingJson object at 0x7f76ca9ef340>, <snowplow_tracker.self_describing_json.SelfDescribingJson object at 0x7f76ca9ef2e0>]}


============================== 14:55:48.641687 | 8919ba3b-716b-4ab1-9dd7-f79daf6c4fa1 ==============================
[0m14:55:48.641687 [info ] [MainThread]: Running with dbt=1.7.8
[0m14:55:48.642179 [debug] [MainThread]: running dbt with arguments {'printer_width': '80', 'indirect_selection': 'eager', 'write_json': 'True', 'log_cache_events': 'False', 'partial_parse': 'True', 'cache_selected_only': 'False', 'profiles_dir': '/home/nacho/.dbt', 'fail_fast': 'False', 'warn_error': 'None', 'log_path': 'logs', 'debug': 'False', 'version_check': 'True', 'use_colors': 'True', 'use_experimental_parser': 'False', 'no_print': 'None', 'quiet': 'False', 'log_format': 'default', 'introspect': 'True', 'static_parser': 'True', 'warn_error_options': 'WarnErrorOptions(include=[], exclude=[])', 'target_path': 'None', 'invocation_command': 'dbt init db_postgres', 'send_anonymous_usage_stats': 'True'}
[0m14:55:48.642601 [warn ] [MainThread]: [ConfigFolderDirectory]: Unable to parse dict {'dir': PosixPath('/home/nacho/.dbt')}
[0m14:55:48.642927 [info ] [MainThread]: Creating dbt configuration folder at 
[0m14:55:48.644273 [debug] [MainThread]: Starter project path: /home/nacho/anaconda3/envs/mlops-dbt/lib/python3.9/site-packages/dbt/include/starter_project
[0m14:55:48.646197 [info ] [MainThread]: 
Your new dbt project "db_postgres" was created!

For more information on how to configure the profiles.yml file,
please consult the dbt documentation here:

  https://docs.getdbt.com/docs/configure-your-profile

One more thing:

Need help? Don't hesitate to reach out to us via GitHub issues or on Slack:

  https://community.getdbt.com/

Happy modeling!

[0m14:55:48.646713 [info ] [MainThread]: Setting up your profile.
[0m14:56:41.240484 [info ] [MainThread]: Profile db_postgres written to /home/nacho/.dbt/profiles.yml using target's profile_template.yml and your supplied values. Run 'dbt debug' to validate the connection.
[0m14:56:41.250969 [debug] [MainThread]: Resource report: {"command_name": "init", "command_success": true, "command_wall_clock_time": 52.617, "process_user_time": 1.36795, "process_kernel_time": 0.047998, "process_mem_max_rss": "94908", "process_in_blocks": "1864", "process_out_blocks": "80"}
[0m14:56:41.252742 [debug] [MainThread]: Command `dbt init` succeeded at 14:56:41.252271 after 52.62 seconds
[0m14:56:41.253843 [debug] [MainThread]: Sending event: {'category': 'dbt', 'action': 'invocation', 'label': 'end', 'context': [<snowplow_tracker.self_describing_json.SelfDescribingJson object at 0x7f76cc7548e0>, <snowplow_tracker.self_describing_json.SelfDescribingJson object at 0x7f76cf3a9f70>, <snowplow_tracker.self_describing_json.SelfDescribingJson object at 0x7f76ca72fe50>]}
[0m14:56:41.254973 [debug] [MainThread]: Flushing usage events
[0m16:51:55.587261 [debug] [MainThread]: Sending event: {'category': 'dbt', 'action': 'invocation', 'label': 'start', 'context': [<snowplow_tracker.self_describing_json.SelfDescribingJson object at 0x7f8c524d4880>, <snowplow_tracker.self_describing_json.SelfDescribingJson object at 0x7f8c51da4f10>, <snowplow_tracker.self_describing_json.SelfDescribingJson object at 0x7f8c53dddd90>]}


============================== 16:51:55.590822 | 9c57bed9-6616-48c2-93c4-82bfc66b9653 ==============================
[0m16:51:55.590822 [info ] [MainThread]: Running with dbt=1.7.8
[0m16:51:55.591312 [debug] [MainThread]: running dbt with arguments {'printer_width': '80', 'indirect_selection': 'eager', 'write_json': 'True', 'log_cache_events': 'False', 'partial_parse': 'True', 'cache_selected_only': 'False', 'warn_error': 'None', 'fail_fast': 'False', 'profiles_dir': '/home/nacho/.dbt', 'log_path': 'logs', 'version_check': 'True', 'debug': 'False', 'use_colors': 'True', 'use_experimental_parser': 'False', 'no_print': 'None', 'quiet': 'False', 'log_format': 'default', 'invocation_command': 'dbt debug', 'warn_error_options': 'WarnErrorOptions(include=[], exclude=[])', 'introspect': 'True', 'target_path': 'None', 'static_parser': 'True', 'send_anonymous_usage_stats': 'True'}
[0m16:51:55.591824 [info ] [MainThread]: dbt version: 1.7.8
[0m16:51:55.592128 [info ] [MainThread]: python version: 3.9.18
[0m16:51:55.592429 [info ] [MainThread]: python path: /home/nacho/anaconda3/envs/mlops-dbt/bin/python
[0m16:51:55.592717 [info ] [MainThread]: os info: Linux-6.5.0-21-generic-x86_64-with-glibc2.35
[0m16:51:55.675875 [info ] [MainThread]: target not specified in profile 'dbt_elt', using 'default'
[0m16:51:55.676402 [info ] [MainThread]: Using profiles dir at /home/nacho/.dbt
[0m16:51:55.676755 [info ] [MainThread]: Using profiles.yml file at /home/nacho/.dbt/profiles.yml
[0m16:51:55.677037 [info ] [MainThread]: Using dbt_project.yml file at /home/nacho/Escritorio/ITBA/mlops-ecosystem/dbt_project.yml
[0m16:51:55.677334 [info ] [MainThread]: Configuration:
[0m16:51:55.677612 [info ] [MainThread]:   profiles.yml file [[31mERROR invalid[0m]
[0m16:51:55.677883 [info ] [MainThread]:   dbt_project.yml file [[31mERROR not found[0m]
[0m16:51:55.678162 [info ] [MainThread]: Required dependencies:
[0m16:51:55.678458 [debug] [MainThread]: Executing "git --help"
[0m16:51:55.690832 [debug] [MainThread]: STDOUT: "b"uso: git [--version] [--help] [-C <ruta>] [-c <nombre>=<valor>]\n            [--exec-path [= <path>]] [--html-path] [--man-path] [--info-path]\n            [-p | --paginate | -P | --no-pager] [--no-replace-objects] [--bare]\n            [--git-dir=<ruta>] [--work-tree=<ruta>] [--namespace=<nombre>]\n            [--super-prefix=<ruta>] [--config-env=<nombre>=<envvar>]\n            <comando> [<args>]\n\nEstos son comandos comunes de Git usados en varias situaciones:\n\ncomenzar un \xc3\xa1rea de trabajo (mira tambi\xc3\xa9n: git help tutorial)\n   clone     Clonar un repositorio dentro de un nuevo directorio\n   init      Crear un repositorio de Git vac\xc3\xado o reinicia el que ya existe\n\ntrabajar en los cambios actuales (mira tambi\xc3\xa9n: git help everyday)\n   add       Agregar contenido de archivos al \xc3\xadndice\n   mv        Mover o cambiar el nombre a archivos, directorios o enlaces simb\xc3\xb3licos\n   restore   Restaurar archivos del \xc3\xa1rbol de trabajo\n   rm        Borrar archivos del \xc3\xa1rbol de trabajo y del \xc3\xadndice\n\nexaminar el historial y el estado (mira tambi\xc3\xa9n: git help revisions)\n   bisect    Usar la b\xc3\xbasqueda binaria para encontrar el commit que introdujo el bug\n   diff      Mostrar los cambios entre commits, commit y \xc3\xa1rbol de trabajo, etc\n   grep      Imprimir las l\xc3\xadneas que concuerden con el patr\xc3\xb3n\n   log       Mostrar los logs de los commits\n   show      Mostrar varios tipos de objetos\n   status    Mostrar el estado del \xc3\xa1rbol de trabajo\n\ncrecer, marcar y ajustar tu historial com\xc3\xban\n   branch    Listar, crear, o borrar ramas\n   commit    Grabar los cambios al repositorio\n   merge     Juntar dos o m\xc3\xa1s historiales de desarrollo juntos\n   rebase    Volver a aplicar commits en la punta de otra rama\n   reset     Reiniciar el HEAD actual a un estado espec\xc3\xadfico\n   switch    Cambiar de branch\n   tag       Crear, listar, borrar o verificar un objeto de tag firmado con GPG\n\ncolaborar (mira tambi\xc3\xa9n: git help workflows)\n   fetch     Descargar objetos y referencias de otro repositorio\n   pull      Realizar un fetch e integra con otro repositorio o rama local\n   push      Actualizar referencias remotas junto con sus objetos asociados\n\n'git help -a' y 'git help -g' listan los subcomandos disponibles y algunas\ngu\xc3\xadas de concepto. Consulta 'git help <command>' o 'git help <concepto>'\npara leer sobre un subcomando o concepto espec\xc3\xadfico.\nMira 'git help git' para una vista general del sistema.\n""
[0m16:51:55.691420 [debug] [MainThread]: STDERR: "b''"
[0m16:51:55.691748 [info ] [MainThread]:  - git [[32mOK found[0m]

[0m16:51:55.692067 [info ] [MainThread]: Connection test skipped since no profile was found
[0m16:51:55.692400 [info ] [MainThread]: [31m2 checks failed:[0m
[0m16:51:55.692700 [info ] [MainThread]: Could not load dbt_project.yml
Profile loading failed for the following reason:
Runtime Error
  The profile 'dbt_elt' does not have a target named 'default'. The valid target names for this profile are:
   - dev


[0m16:51:55.693001 [info ] [MainThread]: Project loading failed for the following reason:
 project path </home/nacho/Escritorio/ITBA/mlops-ecosystem/dbt_project.yml> not found

[0m16:51:55.694235 [debug] [MainThread]: Resource report: {"command_name": "debug", "command_wall_clock_time": 0.14213026, "process_user_time": 1.449321, "process_kernel_time": 0.113038, "process_mem_max_rss": "95524", "process_in_blocks": "75856", "process_out_blocks": "24", "command_success": false}
[0m16:51:55.695009 [debug] [MainThread]: Command `dbt debug` failed at 16:51:55.694815 after 0.14 seconds
[0m16:51:55.695713 [debug] [MainThread]: Sending event: {'category': 'dbt', 'action': 'invocation', 'label': 'end', 'context': [<snowplow_tracker.self_describing_json.SelfDescribingJson object at 0x7f8c524d4880>, <snowplow_tracker.self_describing_json.SelfDescribingJson object at 0x7f8c50754730>, <snowplow_tracker.self_describing_json.SelfDescribingJson object at 0x7f8c500a5d90>]}
[0m16:51:55.696202 [debug] [MainThread]: Flushing usage events
[0m12:31:12.079405 [debug] [MainThread]: Sending event: {'category': 'dbt', 'action': 'invocation', 'label': 'start', 'context': [<snowplow_tracker.self_describing_json.SelfDescribingJson object at 0x7f2cd83410d0>, <snowplow_tracker.self_describing_json.SelfDescribingJson object at 0x7f2cd65e3b80>, <snowplow_tracker.self_describing_json.SelfDescribingJson object at 0x7f2cd65e3e50>]}


============================== 12:31:12.082584 | 07dee376-8a44-40ca-a236-62ee31d273f1 ==============================
[0m12:31:12.082584 [info ] [MainThread]: Running with dbt=1.7.8
[0m12:31:12.083085 [debug] [MainThread]: running dbt with arguments {'printer_width': '80', 'indirect_selection': 'eager', 'write_json': 'True', 'log_cache_events': 'False', 'partial_parse': 'True', 'cache_selected_only': 'False', 'warn_error': 'None', 'debug': 'False', 'fail_fast': 'False', 'log_path': 'logs', 'version_check': 'True', 'profiles_dir': '/home/nacho/.dbt', 'use_colors': 'True', 'use_experimental_parser': 'False', 'no_print': 'None', 'quiet': 'False', 'log_format': 'default', 'invocation_command': 'dbt init db_postgres', 'introspect': 'True', 'warn_error_options': 'WarnErrorOptions(include=[], exclude=[])', 'target_path': 'None', 'static_parser': 'True', 'send_anonymous_usage_stats': 'True'}
[0m12:31:12.083887 [debug] [MainThread]: Starter project path: /home/nacho/anaconda3/envs/mlops-dbt/lib/python3.9/site-packages/dbt/include/starter_project
[0m12:31:12.087396 [info ] [MainThread]: 
Your new dbt project "db_postgres" was created!

For more information on how to configure the profiles.yml file,
please consult the dbt documentation here:

  https://docs.getdbt.com/docs/configure-your-profile

One more thing:

Need help? Don't hesitate to reach out to us via GitHub issues or on Slack:

  https://community.getdbt.com/

Happy modeling!

[0m12:31:12.087723 [info ] [MainThread]: Setting up your profile.
[0m12:31:28.099860 [debug] [MainThread]: Resource report: {"command_name": "init", "command_success": true, "command_wall_clock_time": 16.060022, "process_user_time": 1.357334, "process_kernel_time": 0.040039, "process_mem_max_rss": "91084", "process_in_blocks": "368", "process_out_blocks": "64"}
[0m12:31:28.102190 [debug] [MainThread]: Command `dbt init` succeeded at 12:31:28.101735 after 16.06 seconds
[0m12:31:28.103573 [debug] [MainThread]: Sending event: {'category': 'dbt', 'action': 'invocation', 'label': 'end', 'context': [<snowplow_tracker.self_describing_json.SelfDescribingJson object at 0x7f2cd83410d0>, <snowplow_tracker.self_describing_json.SelfDescribingJson object at 0x7f2cd65e3e50>, <snowplow_tracker.self_describing_json.SelfDescribingJson object at 0x7f2cd65e3220>]}
[0m12:31:28.104430 [debug] [MainThread]: Flushing usage events
[0m12:38:12.472611 [debug] [MainThread]: Sending event: {'category': 'dbt', 'action': 'invocation', 'label': 'start', 'context': [<snowplow_tracker.self_describing_json.SelfDescribingJson object at 0x7f46603be730>, <snowplow_tracker.self_describing_json.SelfDescribingJson object at 0x7f465e60fd30>, <snowplow_tracker.self_describing_json.SelfDescribingJson object at 0x7f465e686910>]}


============================== 12:38:12.475098 | 989678f9-1fe3-446b-8b7b-0608d87d7eb2 ==============================
[0m12:38:12.475098 [info ] [MainThread]: Running with dbt=1.7.8
[0m12:38:12.475589 [debug] [MainThread]: running dbt with arguments {'printer_width': '80', 'indirect_selection': 'eager', 'write_json': 'True', 'log_cache_events': 'False', 'partial_parse': 'True', 'cache_selected_only': 'False', 'profiles_dir': '/home/nacho/.dbt', 'fail_fast': 'False', 'version_check': 'True', 'log_path': 'logs', 'warn_error': 'None', 'debug': 'False', 'use_colors': 'True', 'use_experimental_parser': 'False', 'no_print': 'None', 'quiet': 'False', 'log_format': 'default', 'invocation_command': 'dbt debug', 'warn_error_options': 'WarnErrorOptions(include=[], exclude=[])', 'introspect': 'True', 'target_path': 'None', 'static_parser': 'True', 'send_anonymous_usage_stats': 'True'}
[0m12:38:12.476110 [info ] [MainThread]: dbt version: 1.7.8
[0m12:38:12.476440 [info ] [MainThread]: python version: 3.9.18
[0m12:38:12.476730 [info ] [MainThread]: python path: /home/nacho/anaconda3/envs/mlops-dbt/bin/python
[0m12:38:12.477017 [info ] [MainThread]: os info: Linux-6.5.0-21-generic-x86_64-with-glibc2.35
[0m12:38:12.478003 [info ] [MainThread]: target not specified in profile 'dbt_elt', using 'default'
[0m12:38:12.478439 [info ] [MainThread]: Using profiles dir at /home/nacho/.dbt
[0m12:38:12.478755 [info ] [MainThread]: Using profiles.yml file at /home/nacho/.dbt/profiles.yml
[0m12:38:12.479030 [info ] [MainThread]: Using dbt_project.yml file at /home/nacho/Escritorio/ITBA/mlops-ecosystem/dbt_project.yml
[0m12:38:12.479312 [info ] [MainThread]: Configuration:
[0m12:38:12.479584 [info ] [MainThread]:   profiles.yml file [[31mERROR invalid[0m]
[0m12:38:12.479865 [info ] [MainThread]:   dbt_project.yml file [[31mERROR not found[0m]
[0m12:38:12.480146 [info ] [MainThread]: Required dependencies:
[0m12:38:12.480454 [debug] [MainThread]: Executing "git --help"
[0m12:38:12.483726 [debug] [MainThread]: STDOUT: "b"uso: git [--version] [--help] [-C <ruta>] [-c <nombre>=<valor>]\n            [--exec-path [= <path>]] [--html-path] [--man-path] [--info-path]\n            [-p | --paginate | -P | --no-pager] [--no-replace-objects] [--bare]\n            [--git-dir=<ruta>] [--work-tree=<ruta>] [--namespace=<nombre>]\n            [--super-prefix=<ruta>] [--config-env=<nombre>=<envvar>]\n            <comando> [<args>]\n\nEstos son comandos comunes de Git usados en varias situaciones:\n\ncomenzar un \xc3\xa1rea de trabajo (mira tambi\xc3\xa9n: git help tutorial)\n   clone     Clonar un repositorio dentro de un nuevo directorio\n   init      Crear un repositorio de Git vac\xc3\xado o reinicia el que ya existe\n\ntrabajar en los cambios actuales (mira tambi\xc3\xa9n: git help everyday)\n   add       Agregar contenido de archivos al \xc3\xadndice\n   mv        Mover o cambiar el nombre a archivos, directorios o enlaces simb\xc3\xb3licos\n   restore   Restaurar archivos del \xc3\xa1rbol de trabajo\n   rm        Borrar archivos del \xc3\xa1rbol de trabajo y del \xc3\xadndice\n\nexaminar el historial y el estado (mira tambi\xc3\xa9n: git help revisions)\n   bisect    Usar la b\xc3\xbasqueda binaria para encontrar el commit que introdujo el bug\n   diff      Mostrar los cambios entre commits, commit y \xc3\xa1rbol de trabajo, etc\n   grep      Imprimir las l\xc3\xadneas que concuerden con el patr\xc3\xb3n\n   log       Mostrar los logs de los commits\n   show      Mostrar varios tipos de objetos\n   status    Mostrar el estado del \xc3\xa1rbol de trabajo\n\ncrecer, marcar y ajustar tu historial com\xc3\xban\n   branch    Listar, crear, o borrar ramas\n   commit    Grabar los cambios al repositorio\n   merge     Juntar dos o m\xc3\xa1s historiales de desarrollo juntos\n   rebase    Volver a aplicar commits en la punta de otra rama\n   reset     Reiniciar el HEAD actual a un estado espec\xc3\xadfico\n   switch    Cambiar de branch\n   tag       Crear, listar, borrar o verificar un objeto de tag firmado con GPG\n\ncolaborar (mira tambi\xc3\xa9n: git help workflows)\n   fetch     Descargar objetos y referencias de otro repositorio\n   pull      Realizar un fetch e integra con otro repositorio o rama local\n   push      Actualizar referencias remotas junto con sus objetos asociados\n\n'git help -a' y 'git help -g' listan los subcomandos disponibles y algunas\ngu\xc3\xadas de concepto. Consulta 'git help <command>' o 'git help <concepto>'\npara leer sobre un subcomando o concepto espec\xc3\xadfico.\nMira 'git help git' para una vista general del sistema.\n""
[0m12:38:12.484277 [debug] [MainThread]: STDERR: "b''"
[0m12:38:12.484601 [info ] [MainThread]:  - git [[32mOK found[0m]

[0m12:38:12.484910 [info ] [MainThread]: Connection test skipped since no profile was found
[0m12:38:12.485244 [info ] [MainThread]: [31m2 checks failed:[0m
[0m12:38:12.485548 [info ] [MainThread]: Could not load dbt_project.yml
Profile loading failed for the following reason:
Runtime Error
  The profile 'dbt_elt' does not have a target named 'default'. The valid target names for this profile are:
   - dev


[0m12:38:12.485855 [info ] [MainThread]: Project loading failed for the following reason:
 project path </home/nacho/Escritorio/ITBA/mlops-ecosystem/dbt_project.yml> not found

[0m12:38:12.486780 [debug] [MainThread]: Resource report: {"command_name": "debug", "command_wall_clock_time": 0.046092104, "process_user_time": 1.363063, "process_kernel_time": 0.036081, "process_mem_max_rss": "91100", "process_out_blocks": "16", "command_success": false, "process_in_blocks": "0"}
[0m12:38:12.487568 [debug] [MainThread]: Command `dbt debug` failed at 12:38:12.487426 after 0.05 seconds
[0m12:38:12.487980 [debug] [MainThread]: Sending event: {'category': 'dbt', 'action': 'invocation', 'label': 'end', 'context': [<snowplow_tracker.self_describing_json.SelfDescribingJson object at 0x7f46603be730>, <snowplow_tracker.self_describing_json.SelfDescribingJson object at 0x7f465e63ca30>, <snowplow_tracker.self_describing_json.SelfDescribingJson object at 0x7f465e63cb50>]}
[0m12:38:12.488369 [debug] [MainThread]: Flushing usage events
